<?xml version="1.0" encoding="UTF-8"?>
<!-- Generated by org.testng.reporters.JUnitReportReporter -->
<testsuite hostname="TYSS-Keerthi-Kumar" failures="0" tests="1" name="testScripts.Demo_1_shop_wishlist" time="15.174" errors="0" timestamp="2024-01-23T20:57:29 IST" skipped="0">
  <testcase classname="testScripts.Demo_1_shop_wishlist" name="wishlist" time="15.174"/>
  <system-out>
    <![CDATA[Demo Web Shop page is displayed
Demo Web Shop. Fiction EX page is displayed
Demo Web Shop. Wishlist page is displayed
Adding book to wishlist test case is passed]]>
  </system-out>
</testsuite> <!-- testScripts.Demo_1_shop_wishlist -->
