<?xml version="1.0" encoding="UTF-8"?>
<!-- Generated by org.testng.reporters.JUnitReportReporter -->
<testsuite hostname="TYSS-Keerthi-Kumar" failures="0" tests="4" name="testScripts.Demo_register" time="36.022" errors="0" timestamp="2024-01-24T11:01:13 IST" skipped="0">
  <testcase classname="testScripts.Demo_register" name="registration" time="8.599"/>
  <system-out>
    <![CDATA[Demo Web Shop. Register
Demo Web Shop. Register]]>
  </system-out>
  <testcase classname="testScripts.Demo_register" name="registration" time="10.248"/>
  <system-out>
    <![CDATA[Demo Web Shop. Register
Demo Web Shop. Register]]>
  </system-out>
  <testcase classname="testScripts.Demo_register" name="registration" time="8.481"/>
  <system-out>
    <![CDATA[Demo Web Shop. Register
Demo Web Shop. Register]]>
  </system-out>
  <testcase classname="testScripts.Demo_register" name="registration" time="8.694"/>
  <system-out>
    <![CDATA[Demo Web Shop. Register
Demo Web Shop. Register]]>
  </system-out>
</testsuite> <!-- testScripts.Demo_register -->
