<?xml version="1.0" encoding="UTF-8"?>
<!-- Generated by org.testng.reporters.JUnitReportReporter -->
<testsuite hostname="TYSS-Keerthi-Kumar" failures="0" tests="1" name="testScripts.Demo_2_shop_add_to_cart" time="23.029" errors="0" timestamp="2024-01-24T07:41:32 IST" skipped="0">
  <testcase classname="testScripts.Demo_2_shop_add_to_cart" name="addtocart" time="23.029"/>
  <system-out>
    <![CDATA[Demo Web Shop page is displayed.]]>
  </system-out>
</testsuite> <!-- testScripts.Demo_2_shop_add_to_cart -->
